0x80000000 (0x123450b7) x1  0x12345000
0x80000004 (0x10000537) x10 0x10000000
0x80000008 (0x00152023)
0x8000000c (0x00000137) x2  0x00000000
0x80000010 (0x00252223)
0x80000014 (0xfffff1b7) x3  0xfffff000
0x80000018 (0x00352423)
0x8000001c (0x55555237) x4  0x55555000
0x80000020 (0x00452623)
0x80000024 (0x000012b7) x5  0x00001000
0x80000028 (0x00552823)
0x8000002c (0x80000337) x6  0x80000000
0x80000030 (0x00652a23)
0x80000034 (0x123453b7) x7  0x12345000
0x80000038 (0x67838393) x7  0x12345678
0x8000003c (0x00752c23)
0x80000040 (0xfffff437) x8  0xfffff000
0x80000044 (0x0ff40413) x8  0xfffff0ff
0x80000048 (0x00852e23)
0x8000004c (0xdeadc4b7) x9  0xdeadc000
0x80000050 (0xbef48493) x9  0xdeadbbef
0x80000054 (0x02952023)
0x80000058 (0x200005b7) x11 0x20000000
0x8000005c (0x02b52223)
0x80000060 (0x30004637) x12 0x30004000
0x80000064 (0x02c52423)
0x80000068 (0x000646b7) x13 0x00064000
0x8000006c (0x02d52623)
0x80000070 (0x001f4737) x14 0x001f4000
0x80000074 (0x02e52823)
0x80000078 (0x000017b7) x15 0x00001000
0x8000007c (0x02f52a23)
0x80000080 (0x00123837) x16 0x00123000
0x80000084 (0x03052c23)
0x80000088 (0x123458b7) x17 0x12345000
0x8000008c (0x67888893) x17 0x12345678
0x80000090 (0x03152e23)
0x80000094 (0x2345f937) x18 0x2345f000
0x80000098 (0x0ff90913) x18 0x2345f0ff
0x8000009c (0x05252023)
0x800000a0 (0x123469b7) x19 0x12346000
0x800000a4 (0x05352223)
0x800000a8 (0x00000a13) x20 0x00000000
0x800000ac (0x04152423)
0x800000b0 (0x04252623)
0x800000b4 (0x04352823)
0x800000b8 (0x04452a23)
0x800000bc (0x04552c23)
0x800000c0 (0x04652e23)
0x800000c4 (0x06752023)
0x800000c8 (0x06852223)
0x800000cc (0x06952423)
0x800000d0 (0x06b52623)
0x800000d4 (0x06c52823)
0x800000d8 (0x06d52a23)
0x800000dc (0x06e52c23)
0x800000e0 (0x06f52e23)
0x800000e4 (0x09052023)
0x800000e8 (0x09152223)
0x800000ec (0x09252423)
0x800000f0 (0x09352623)
0x800000f4 (0x12345ab7) x21 0x12345000
0x800000f8 (0x09552823)
0x800000fc (0x41508b33) x22 0x00000000
0x80000100 (0x09652a23)
0x80000104 (0x12345bb7) x23 0x12345000
0x80000108 (0x678b8b93) x23 0x12345678
0x8000010c (0x09752c23)
0x80000110 (0x41738c33) x24 0x00000000
0x80000114 (0x09852e23)
0x80000118 (0xeadbecb7) x25 0xeadbe000
0x8000011c (0x0efc8c93) x25 0xeadbe0ef
0x80000120 (0x0b952023)
0x80000124 (0x0000006f)
0x80000124 (0x0000006f)
0x80000124 (0x0000006f)
0x80000124 (0x0000006f)
0x80000124 (0x0000006f)
0x80000124 (0x0000006f)
0x80000124 (0x0000006f)
0x80000124 (0x0000006f)
0x80000124 (0x0000006f)
0x80000124 (0x0000006f)
0x80000124 (0x0000006f)
0x80000124 (0x0000006f)
0x80000124 (0x0000006f)
0x80000124 (0x0000006f)
0x80000124 (0x0000006f)
0x80000124 (0x0000006f)
0x80000124 (0x0000006f)
0x80000124 (0x0000006f)
0x80000124 (0x0000006f)
0x80000124 (0x0000006f)
0x80000124 (0x0000006f)
0x80000124 (0x0000006f)
0x80000124 (0x0000006f)
0x80000124 (0x0000006f)
0x80000124 (0x0000006f)
0x80000124 (0x0000006f)
0x80000124 (0x0000006f)
0x80000124 (0x0000006f)
0x80000124 (0x0000006f)
0x80000124 (0x0000006f)
0x80000124 (0x0000006f)
0x80000124 (0x0000006f)
0x80000124 (0x0000006f)
0x80000124 (0x0000006f)
0x80000124 (0x0000006f)
0x80000124 (0x0000006f)
0x80000124 (0x0000006f)
0x80000124 (0x0000006f)
0x80000124 (0x0000006f)
0x80000124 (0x0000006f)
0x80000124 (0x0000006f)
0x80000124 (0x0000006f)
0x80000124 (0x0000006f)
0x80000124 (0x0000006f)
0x80000124 (0x0000006f)
0x80000124 (0x0000006f)
0x80000124 (0x0000006f)
0x80000124 (0x0000006f)
0x80000124 (0x0000006f)
0x80000124 (0x0000006f)
0x80000124 (0x0000006f)
0x80000124 (0x0000006f)
0x80000124 (0x0000006f)
0x80000124 (0x0000006f)
0x80000124 (0x0000006f)
0x80000124 (0x0000006f)
0x80000124 (0x0000006f)
0x80000124 (0x0000006f)
0x80000124 (0x0000006f)
0x80000124 (0x0000006f)
0x80000124 (0x0000006f)
0x80000124 (0x0000006f)
0x80000124 (0x0000006f)
0x80000124 (0x0000006f)
0x80000124 (0x0000006f)
0x80000124 (0x0000006f)
0x80000124 (0x0000006f)
0x80000124 (0x0000006f)
0x80000124 (0x0000006f)
0x80000124 (0x0000006f)
0x80000124 (0x0000006f)
0x80000124 (0x0000006f)
0x80000124 (0x0000006f)
0x80000124 (0x0000006f)
0x80000124 (0x0000006f)
0x80000124 (0x0000006f)
0x80000124 (0x0000006f)
0x80000124 (0x0000006f)
0x80000124 (0x0000006f)
0x80000124 (0x0000006f)
0x80000124 (0x0000006f)
0x80000124 (0x0000006f)
0x80000124 (0x0000006f)
0x80000124 (0x0000006f)
0x80000124 (0x0000006f)
0x80000124 (0x0000006f)
0x80000124 (0x0000006f)
0x80000124 (0x0000006f)
0x80000124 (0x0000006f)
0x80000124 (0x0000006f)
0x80000124 (0x0000006f)
0x80000124 (0x0000006f)
0x80000124 (0x0000006f)
0x80000124 (0x0000006f)
0x80000124 (0x0000006f)
0x80000124 (0x0000006f)
0x80000124 (0x0000006f)
0x80000124 (0x0000006f)
0x80000124 (0x0000006f)
0x80000124 (0x0000006f)
0x80000124 (0x0000006f)
0x80000124 (0x0000006f)
0x80000124 (0x0000006f)
0x80000124 (0x0000006f)
0x80000124 (0x0000006f)
0x80000124 (0x0000006f)
0x80000124 (0x0000006f)
0x80000124 (0x0000006f)
0x80000124 (0x0000006f)
0x80000124 (0x0000006f)
0x80000124 (0x0000006f)
0x80000124 (0x0000006f)
0x80000124 (0x0000006f)
0x80000124 (0x0000006f)
0x80000124 (0x0000006f)
0x80000124 (0x0000006f)
0x80000124 (0x0000006f)
0x80000124 (0x0000006f)
0x80000124 (0x0000006f)
0x80000124 (0x0000006f)
0x80000124 (0x0000006f)
0x80000124 (0x0000006f)
0x80000124 (0x0000006f)
0x80000124 (0x0000006f)
0x80000124 (0x0000006f)
0x80000124 (0x0000006f)
0x80000124 (0x0000006f)
0x80000124 (0x0000006f)
0x80000124 (0x0000006f)
0x80000124 (0x0000006f)
0x80000124 (0x0000006f)
0x80000124 (0x0000006f)
0x80000124 (0x0000006f)
0x80000124 (0x0000006f)
0x80000124 (0x0000006f)
0x80000124 (0x0000006f)
0x80000124 (0x0000006f)
0x80000124 (0x0000006f)
0x80000124 (0x0000006f)
0x80000124 (0x0000006f)
0x80000124 (0x0000006f)
0x80000124 (0x0000006f)
0x80000124 (0x0000006f)
0x80000124 (0x0000006f)
0x80000124 (0x0000006f)
0x80000124 (0x0000006f)
0x80000124 (0x0000006f)
0x80000124 (0x0000006f)
0x80000124 (0x0000006f)
0x80000124 (0x0000006f)
0x80000124 (0x0000006f)
0x80000124 (0x0000006f)
0x80000124 (0x0000006f)
0x80000124 (0x0000006f)
0x80000124 (0x0000006f)
0x80000124 (0x0000006f)
0x80000124 (0x0000006f)
0x80000124 (0x0000006f)
0x80000124 (0x0000006f)
0x80000124 (0x0000006f)
0x80000124 (0x0000006f)
0x80000124 (0x0000006f)
0x80000124 (0x0000006f)
0x80000124 (0x0000006f)
0x80000124 (0x0000006f)
0x80000124 (0x0000006f)
0x80000124 (0x0000006f)
0x80000124 (0x0000006f)
0x80000124 (0x0000006f)
0x80000124 (0x0000006f)
0x80000124 (0x0000006f)
0x80000124 (0x0000006f)
0x80000124 (0x0000006f)
0x80000124 (0x0000006f)
0x80000124 (0x0000006f)
0x80000124 (0x0000006f)
0x80000124 (0x0000006f)
0x80000124 (0x0000006f)
0x80000124 (0x0000006f)
0x80000124 (0x0000006f)
0x80000124 (0x0000006f)
0x80000124 (0x0000006f)
0x80000124 (0x0000006f)
0x80000124 (0x0000006f)
0x80000124 (0x0000006f)
0x80000124 (0x0000006f)
0x80000124 (0x0000006f)
0x80000124 (0x0000006f)
0x80000124 (0x0000006f)
0x80000124 (0x0000006f)
0x80000124 (0x0000006f)
0x80000124 (0x0000006f)
0x80000124 (0x0000006f)
0x80000124 (0x0000006f)
0x80000124 (0x0000006f)
0x80000124 (0x0000006f)
0x80000124 (0x0000006f)
0x80000124 (0x0000006f)
0x80000124 (0x0000006f)
0x80000124 (0x0000006f)
0x80000124 (0x0000006f)
0x80000124 (0x0000006f)
0x80000124 (0x0000006f)
0x80000124 (0x0000006f)
0x80000124 (0x0000006f)
0x80000124 (0x0000006f)
0x80000124 (0x0000006f)
0x80000124 (0x0000006f)
0x80000124 (0x0000006f)
0x80000124 (0x0000006f)
0x80000124 (0x0000006f)
0x80000124 (0x0000006f)
0x80000124 (0x0000006f)
0x80000124 (0x0000006f)
0x80000124 (0x0000006f)
0x80000124 (0x0000006f)
0x80000124 (0x0000006f)
0x80000124 (0x0000006f)
0x80000124 (0x0000006f)
0x80000124 (0x0000006f)
0x80000124 (0x0000006f)
0x80000124 (0x0000006f)
0x80000124 (0x0000006f)
0x80000124 (0x0000006f)
0x80000124 (0x0000006f)
0x80000124 (0x0000006f)
0x80000124 (0x0000006f)
0x80000124 (0x0000006f)
0x80000124 (0x0000006f)
0x80000124 (0x0000006f)
0x80000124 (0x0000006f)
0x80000124 (0x0000006f)
0x80000124 (0x0000006f)
0x80000124 (0x0000006f)
0x80000124 (0x0000006f)
0x80000124 (0x0000006f)
0x80000124 (0x0000006f)
0x80000124 (0x0000006f)
0x80000124 (0x0000006f)
0x80000124 (0x0000006f)
0x80000124 (0x0000006f)
0x80000124 (0x0000006f)
0x80000124 (0x0000006f)
0x80000124 (0x0000006f)
0x80000124 (0x0000006f)
0x80000124 (0x0000006f)
0x80000124 (0x0000006f)
0x80000124 (0x0000006f)
0x80000124 (0x0000006f)
0x80000124 (0x0000006f)
0x80000124 (0x0000006f)
0x80000124 (0x0000006f)
0x80000124 (0x0000006f)
0x80000124 (0x0000006f)
0x80000124 (0x0000006f)
0x80000124 (0x0000006f)
0x80000124 (0x0000006f)
0x80000124 (0x0000006f)
0x80000124 (0x0000006f)
0x80000124 (0x0000006f)
0x80000124 (0x0000006f)
0x80000124 (0x0000006f)
0x80000124 (0x0000006f)
0x80000124 (0x0000006f)
0x80000124 (0x0000006f)
0x80000124 (0x0000006f)
0x80000124 (0x0000006f)
0x80000124 (0x0000006f)
0x80000124 (0x0000006f)
0x80000124 (0x0000006f)
0x80000124 (0x0000006f)
0x80000124 (0x0000006f)
0x80000124 (0x0000006f)
0x80000124 (0x0000006f)
0x80000124 (0x0000006f)
0x80000124 (0x0000006f)
0x80000124 (0x0000006f)
0x80000124 (0x0000006f)
0x80000124 (0x0000006f)
0x80000124 (0x0000006f)
0x80000124 (0x0000006f)
0x80000124 (0x0000006f)
0x80000124 (0x0000006f)
0x80000124 (0x0000006f)
0x80000124 (0x0000006f)
0x80000124 (0x0000006f)
0x80000124 (0x0000006f)
0x80000124 (0x0000006f)
0x80000124 (0x0000006f)
0x80000124 (0x0000006f)
0x80000124 (0x0000006f)
0x80000124 (0x0000006f)
0x80000124 (0x0000006f)
0x80000124 (0x0000006f)
0x80000124 (0x0000006f)
0x80000124 (0x0000006f)
0x80000124 (0x0000006f)
0x80000124 (0x0000006f)
0x80000124 (0x0000006f)
0x80000124 (0x0000006f)
0x80000124 (0x0000006f)
0x80000124 (0x0000006f)
0x80000124 (0x0000006f)
0x80000124 (0x0000006f)
0x80000124 (0x0000006f)
0x80000124 (0x0000006f)
0x80000124 (0x0000006f)
0x80000124 (0x0000006f)
0x80000124 (0x0000006f)
0x80000124 (0x0000006f)
0x80000124 (0x0000006f)
0x80000124 (0x0000006f)
0x80000124 (0x0000006f)
0x80000124 (0x0000006f)
0x80000124 (0x0000006f)
0x80000124 (0x0000006f)
0x80000124 (0x0000006f)
0x80000124 (0x0000006f)
0x80000124 (0x0000006f)
0x80000124 (0x0000006f)
0x80000124 (0x0000006f)
0x80000124 (0x0000006f)
0x80000124 (0x0000006f)
0x80000124 (0x0000006f)
0x80000124 (0x0000006f)
0x80000124 (0x0000006f)
0x80000124 (0x0000006f)
0x80000124 (0x0000006f)
0x80000124 (0x0000006f)
0x80000124 (0x0000006f)
0x80000124 (0x0000006f)
0x80000124 (0x0000006f)
0x80000124 (0x0000006f)
0x80000124 (0x0000006f)
0x80000124 (0x0000006f)
0x80000124 (0x0000006f)
0x80000124 (0x0000006f)
0x80000124 (0x0000006f)
0x80000124 (0x0000006f)
0x80000124 (0x0000006f)
0x80000124 (0x0000006f)
0x80000124 (0x0000006f)
0x80000124 (0x0000006f)
0x80000124 (0x0000006f)
0x80000124 (0x0000006f)
0x80000124 (0x0000006f)
0x80000124 (0x0000006f)
0x80000124 (0x0000006f)
0x80000124 (0x0000006f)
0x80000124 (0x0000006f)
0x80000124 (0x0000006f)
0x80000124 (0x0000006f)
0x80000124 (0x0000006f)
0x80000124 (0x0000006f)
0x80000124 (0x0000006f)
0x80000124 (0x0000006f)
0x80000124 (0x0000006f)
0x80000124 (0x0000006f)
0x80000124 (0x0000006f)
0x80000124 (0x0000006f)
0x80000124 (0x0000006f)
0x80000124 (0x0000006f)
0x80000124 (0x0000006f)
0x80000124 (0x0000006f)
0x80000124 (0x0000006f)
0x80000124 (0x0000006f)
0x80000124 (0x0000006f)
0x80000124 (0x0000006f)
0x80000124 (0x0000006f)
0x80000124 (0x0000006f)
0x80000124 (0x0000006f)
0x80000124 (0x0000006f)
0x80000124 (0x0000006f)
0x80000124 (0x0000006f)
0x80000124 (0x0000006f)
0x80000124 (0x0000006f)
0x80000124 (0x0000006f)
0x80000124 (0x0000006f)
0x80000124 (0x0000006f)
0x80000124 (0x0000006f)
0x80000124 (0x0000006f)
0x80000124 (0x0000006f)
0x80000124 (0x0000006f)
0x80000124 (0x0000006f)
0x80000124 (0x0000006f)
0x80000124 (0x0000006f)
0x80000124 (0x0000006f)
0x80000124 (0x0000006f)
0x80000124 (0x0000006f)
0x80000124 (0x0000006f)
0x80000124 (0x0000006f)
0x80000124 (0x0000006f)
0x80000124 (0x0000006f)
0x80000124 (0x0000006f)
0x80000124 (0x0000006f)
0x80000124 (0x0000006f)
0x80000124 (0x0000006f)
0x80000124 (0x0000006f)
0x80000124 (0x0000006f)
0x80000124 (0x0000006f)
0x80000124 (0x0000006f)
0x80000124 (0x0000006f)
0x80000124 (0x0000006f)
0x80000124 (0x0000006f)
0x80000124 (0x0000006f)
0x80000124 (0x0000006f)
0x80000124 (0x0000006f)
0x80000124 (0x0000006f)
0x80000124 (0x0000006f)
0x80000124 (0x0000006f)
0x80000124 (0x0000006f)
0x80000124 (0x0000006f)
0x80000124 (0x0000006f)
0x80000124 (0x0000006f)
0x80000124 (0x0000006f)
0x80000124 (0x0000006f)
0x80000124 (0x0000006f)
0x80000124 (0x0000006f)
0x80000124 (0x0000006f)
0x80000124 (0x0000006f)
0x80000124 (0x0000006f)
0x80000124 (0x0000006f)
0x80000124 (0x0000006f)
0x80000124 (0x0000006f)
0x80000124 (0x0000006f)
0x80000124 (0x0000006f)
0x80000124 (0x0000006f)
0x80000124 (0x0000006f)
0x80000124 (0x0000006f)
0x80000124 (0x0000006f)
0x80000124 (0x0000006f)
0x80000124 (0x0000006f)
0x80000124 (0x0000006f)
0x80000124 (0x0000006f)
0x80000124 (0x0000006f)
0x80000124 (0x0000006f)
0x80000124 (0x0000006f)
0x80000124 (0x0000006f)
0x80000124 (0x0000006f)
0x80000124 (0x0000006f)
0x80000124 (0x0000006f)
0x80000124 (0x0000006f)
0x80000124 (0x0000006f)
0x80000124 (0x0000006f)
0x80000124 (0x0000006f)
0x80000124 (0x0000006f)
0x80000124 (0x0000006f)
0x80000124 (0x0000006f)
0x80000124 (0x0000006f)
0x80000124 (0x0000006f)
0x80000124 (0x0000006f)
0x80000124 (0x0000006f)
0x80000124 (0x0000006f)
0x80000124 (0x0000006f)
0x80000124 (0x0000006f)
0x80000124 (0x0000006f)
0x80000124 (0x0000006f)
0x80000124 (0x0000006f)
0x80000124 (0x0000006f)
0x80000124 (0x0000006f)
0x80000124 (0x0000006f)
0x80000124 (0x0000006f)
0x80000124 (0x0000006f)
0x80000124 (0x0000006f)
0x80000124 (0x0000006f)
0x80000124 (0x0000006f)
0x80000124 (0x0000006f)
0x80000124 (0x0000006f)
0x80000124 (0x0000006f)
0x80000124 (0x0000006f)
0x80000124 (0x0000006f)
0x80000124 (0x0000006f)
0x80000124 (0x0000006f)
0x80000124 (0x0000006f)
0x80000124 (0x0000006f)
0x80000124 (0x0000006f)
0x80000124 (0x0000006f)
0x80000124 (0x0000006f)
0x80000124 (0x0000006f)
0x80000124 (0x0000006f)
0x80000124 (0x0000006f)
0x80000124 (0x0000006f)
0x80000124 (0x0000006f)
0x80000124 (0x0000006f)
0x80000124 (0x0000006f)
0x80000124 (0x0000006f)
0x80000124 (0x0000006f)
0x80000124 (0x0000006f)
0x80000124 (0x0000006f)
0x80000124 (0x0000006f)
0x80000124 (0x0000006f)
0x80000124 (0x0000006f)
0x80000124 (0x0000006f)
0x80000124 (0x0000006f)
0x80000124 (0x0000006f)
0x80000124 (0x0000006f)
0x80000124 (0x0000006f)
0x80000124 (0x0000006f)
0x80000124 (0x0000006f)
0x80000124 (0x0000006f)
0x80000124 (0x0000006f)
0x80000124 (0x0000006f)
0x80000124 (0x0000006f)
0x80000124 (0x0000006f)
0x80000124 (0x0000006f)
0x80000124 (0x0000006f)
0x80000124 (0x0000006f)
0x80000124 (0x0000006f)
0x80000124 (0x0000006f)
0x80000124 (0x0000006f)
0x80000124 (0x0000006f)
0x80000124 (0x0000006f)
0x80000124 (0x0000006f)
0x80000124 (0x0000006f)
0x80000124 (0x0000006f)
0x80000124 (0x0000006f)
0x80000124 (0x0000006f)
0x80000124 (0x0000006f)
0x80000124 (0x0000006f)
0x80000124 (0x0000006f)
0x80000124 (0x0000006f)
0x80000124 (0x0000006f)
0x80000124 (0x0000006f)
0x80000124 (0x0000006f)
0x80000124 (0x0000006f)
0x80000124 (0x0000006f)
0x80000124 (0x0000006f)
0x80000124 (0x0000006f)
0x80000124 (0x0000006f)
0x80000124 (0x0000006f)
0x80000124 (0x0000006f)
0x80000124 (0x0000006f)
0x80000124 (0x0000006f)
0x80000124 (0x0000006f)
0x80000124 (0x0000006f)
0x80000124 (0x0000006f)
0x80000124 (0x0000006f)
0x80000124 (0x0000006f)
0x80000124 (0x0000006f)
0x80000124 (0x0000006f)
0x80000124 (0x0000006f)
0x80000124 (0x0000006f)
0x80000124 (0x0000006f)
0x80000124 (0x0000006f)
0x80000124 (0x0000006f)
0x80000124 (0x0000006f)
0x80000124 (0x0000006f)
0x80000124 (0x0000006f)
0x80000124 (0x0000006f)
0x80000124 (0x0000006f)
0x80000124 (0x0000006f)
0x80000124 (0x0000006f)
0x80000124 (0x0000006f)
0x80000124 (0x0000006f)
0x80000124 (0x0000006f)
0x80000124 (0x0000006f)
0x80000124 (0x0000006f)
0x80000124 (0x0000006f)
0x80000124 (0x0000006f)
0x80000124 (0x0000006f)
0x80000124 (0x0000006f)
0x80000124 (0x0000006f)
0x80000124 (0x0000006f)
0x80000124 (0x0000006f)
0x80000124 (0x0000006f)
0x80000124 (0x0000006f)
0x80000124 (0x0000006f)
0x80000124 (0x0000006f)
0x80000124 (0x0000006f)
0x80000124 (0x0000006f)
0x80000124 (0x0000006f)
0x80000124 (0x0000006f)
0x80000124 (0x0000006f)
0x80000124 (0x0000006f)
0x80000124 (0x0000006f)
0x80000124 (0x0000006f)
0x80000124 (0x0000006f)
0x80000124 (0x0000006f)
0x80000124 (0x0000006f)
0x80000124 (0x0000006f)
0x80000124 (0x0000006f)
0x80000124 (0x0000006f)
0x80000124 (0x0000006f)
0x80000124 (0x0000006f)
0x80000124 (0x0000006f)
0x80000124 (0x0000006f)
0x80000124 (0x0000006f)
0x80000124 (0x0000006f)
0x80000124 (0x0000006f)
0x80000124 (0x0000006f)
0x80000124 (0x0000006f)
0x80000124 (0x0000006f)
0x80000124 (0x0000006f)
0x80000124 (0x0000006f)
0x80000124 (0x0000006f)
0x80000124 (0x0000006f)
0x80000124 (0x0000006f)
0x80000124 (0x0000006f)
0x80000124 (0x0000006f)
0x80000124 (0x0000006f)
0x80000124 (0x0000006f)
0x80000124 (0x0000006f)
0x80000124 (0x0000006f)
0x80000124 (0x0000006f)
0x80000124 (0x0000006f)
0x80000124 (0x0000006f)
0x80000124 (0x0000006f)
0x80000124 (0x0000006f)
0x80000124 (0x0000006f)
0x80000124 (0x0000006f)
0x80000124 (0x0000006f)
0x80000124 (0x0000006f)
0x80000124 (0x0000006f)
0x80000124 (0x0000006f)
0x80000124 (0x0000006f)
0x80000124 (0x0000006f)
0x80000124 (0x0000006f)
0x80000124 (0x0000006f)
0x80000124 (0x0000006f)
0x80000124 (0x0000006f)
0x80000124 (0x0000006f)
0x80000124 (0x0000006f)
0x80000124 (0x0000006f)
0x80000124 (0x0000006f)
0x80000124 (0x0000006f)
0x80000124 (0x0000006f)
0x80000124 (0x0000006f)
0x80000124 (0x0000006f)
0x80000124 (0x0000006f)
0x80000124 (0x0000006f)
0x80000124 (0x0000006f)
0x80000124 (0x0000006f)
0x80000124 (0x0000006f)
0x80000124 (0x0000006f)
0x80000124 (0x0000006f)
0x80000124 (0x0000006f)
0x80000124 (0x0000006f)
0x80000124 (0x0000006f)
0x80000124 (0x0000006f)
0x80000124 (0x0000006f)
0x80000124 (0x0000006f)
0x80000124 (0x0000006f)
0x80000124 (0x0000006f)
0x80000124 (0x0000006f)
0x80000124 (0x0000006f)
0x80000124 (0x0000006f)
0x80000124 (0x0000006f)
0x80000124 (0x0000006f)
0x80000124 (0x0000006f)
0x80000124 (0x0000006f)
0x80000124 (0x0000006f)
0x80000124 (0x0000006f)
0x80000124 (0x0000006f)
0x80000124 (0x0000006f)
0x80000124 (0x0000006f)
0x80000124 (0x0000006f)
0x80000124 (0x0000006f)
0x80000124 (0x0000006f)
0x80000124 (0x0000006f)
0x80000124 (0x0000006f)
0x80000124 (0x0000006f)
0x80000124 (0x0000006f)
0x80000124 (0x0000006f)
0x80000124 (0x0000006f)
0x80000124 (0x0000006f)
0x80000124 (0x0000006f)
0x80000124 (0x0000006f)
0x80000124 (0x0000006f)
0x80000124 (0x0000006f)
0x80000124 (0x0000006f)
0x80000124 (0x0000006f)
0x80000124 (0x0000006f)
0x80000124 (0x0000006f)
0x80000124 (0x0000006f)
0x80000124 (0x0000006f)
0x80000124 (0x0000006f)
0x80000124 (0x0000006f)
0x80000124 (0x0000006f)
0x80000124 (0x0000006f)
0x80000124 (0x0000006f)
0x80000124 (0x0000006f)
0x80000124 (0x0000006f)
0x80000124 (0x0000006f)
0x80000124 (0x0000006f)
0x80000124 (0x0000006f)
0x80000124 (0x0000006f)
0x80000124 (0x0000006f)
0x80000124 (0x0000006f)
0x80000124 (0x0000006f)
0x80000124 (0x0000006f)
0x80000124 (0x0000006f)
0x80000124 (0x0000006f)
0x80000124 (0x0000006f)
0x80000124 (0x0000006f)
0x80000124 (0x0000006f)
0x80000124 (0x0000006f)
0x80000124 (0x0000006f)
0x80000124 (0x0000006f)
0x80000124 (0x0000006f)
0x80000124 (0x0000006f)
0x80000124 (0x0000006f)
0x80000124 (0x0000006f)
0x80000124 (0x0000006f)
0x80000124 (0x0000006f)
0x80000124 (0x0000006f)
0x80000124 (0x0000006f)
0x80000124 (0x0000006f)
0x80000124 (0x0000006f)
0x80000124 (0x0000006f)
0x80000124 (0x0000006f)
0x80000124 (0x0000006f)
0x80000124 (0x0000006f)
0x80000124 (0x0000006f)
0x80000124 (0x0000006f)
0x80000124 (0x0000006f)
0x80000124 (0x0000006f)
0x80000124 (0x0000006f)
0x80000124 (0x0000006f)
0x80000124 (0x0000006f)
0x80000124 (0x0000006f)
0x80000124 (0x0000006f)
0x80000124 (0x0000006f)
0x80000124 (0x0000006f)
0x80000124 (0x0000006f)
0x80000124 (0x0000006f)
0x80000124 (0x0000006f)
0x80000124 (0x0000006f)
0x80000124 (0x0000006f)
0x80000124 (0x0000006f)
0x80000124 (0x0000006f)
0x80000124 (0x0000006f)
0x80000124 (0x0000006f)
0x80000124 (0x0000006f)
0x80000124 (0x0000006f)
0x80000124 (0x0000006f)
0x80000124 (0x0000006f)
0x80000124 (0x0000006f)
0x80000124 (0x0000006f)
0x80000124 (0x0000006f)
0x80000124 (0x0000006f)
0x80000124 (0x0000006f)
0x80000124 (0x0000006f)
0x80000124 (0x0000006f)
0x80000124 (0x0000006f)
0x80000124 (0x0000006f)
0x80000124 (0x0000006f)
0x80000124 (0x0000006f)
0x80000124 (0x0000006f)
0x80000124 (0x0000006f)
0x80000124 (0x0000006f)
0x80000124 (0x0000006f)
0x80000124 (0x0000006f)
0x80000124 (0x0000006f)
0x80000124 (0x0000006f)
0x80000124 (0x0000006f)
0x80000124 (0x0000006f)
0x80000124 (0x0000006f)
0x80000124 (0x0000006f)
0x80000124 (0x0000006f)
0x80000124 (0x0000006f)
0x80000124 (0x0000006f)
0x80000124 (0x0000006f)
0x80000124 (0x0000006f)
0x80000124 (0x0000006f)
0x80000124 (0x0000006f)
0x80000124 (0x0000006f)
0x80000124 (0x0000006f)
0x80000124 (0x0000006f)
0x80000124 (0x0000006f)
0x80000124 (0x0000006f)
0x80000124 (0x0000006f)
0x80000124 (0x0000006f)
0x80000124 (0x0000006f)
0x80000124 (0x0000006f)
0x80000124 (0x0000006f)
0x80000124 (0x0000006f)
0x80000124 (0x0000006f)
0x80000124 (0x0000006f)
0x80000124 (0x0000006f)
0x80000124 (0x0000006f)
0x80000124 (0x0000006f)
0x80000124 (0x0000006f)
0x80000124 (0x0000006f)
0x80000124 (0x0000006f)
0x80000124 (0x0000006f)
0x80000124 (0x0000006f)
0x80000124 (0x0000006f)
0x80000124 (0x0000006f)
0x80000124 (0x0000006f)
0x80000124 (0x0000006f)
0x80000124 (0x0000006f)
0x80000124 (0x0000006f)
0x80000124 (0x0000006f)
0x80000124 (0x0000006f)
0x80000124 (0x0000006f)
0x80000124 (0x0000006f)
0x80000124 (0x0000006f)
0x80000124 (0x0000006f)
0x80000124 (0x0000006f)
0x80000124 (0x0000006f)
0x80000124 (0x0000006f)
0x80000124 (0x0000006f)
0x80000124 (0x0000006f)
0x80000124 (0x0000006f)
0x80000124 (0x0000006f)
0x80000124 (0x0000006f)
0x80000124 (0x0000006f)
0x80000124 (0x0000006f)
0x80000124 (0x0000006f)
0x80000124 (0x0000006f)
0x80000124 (0x0000006f)
0x80000124 (0x0000006f)
0x80000124 (0x0000006f)
0x80000124 (0x0000006f)
0x80000124 (0x0000006f)
0x80000124 (0x0000006f)
0x80000124 (0x0000006f)
0x80000124 (0x0000006f)
0x80000124 (0x0000006f)
0x80000124 (0x0000006f)
0x80000124 (0x0000006f)
0x80000124 (0x0000006f)
0x80000124 (0x0000006f)
0x80000124 (0x0000006f)
0x80000124 (0x0000006f)
0x80000124 (0x0000006f)
0x80000124 (0x0000006f)
0x80000124 (0x0000006f)
0x80000124 (0x0000006f)
0x80000124 (0x0000006f)
0x80000124 (0x0000006f)
0x80000124 (0x0000006f)
0x80000124 (0x0000006f)
0x80000124 (0x0000006f)
0x80000124 (0x0000006f)
0x80000124 (0x0000006f)
0x80000124 (0x0000006f)
0x80000124 (0x0000006f)
0x80000124 (0x0000006f)
0x80000124 (0x0000006f)
0x80000124 (0x0000006f)
0x80000124 (0x0000006f)
0x80000124 (0x0000006f)
0x80000124 (0x0000006f)
0x80000124 (0x0000006f)
0x80000124 (0x0000006f)
0x80000124 (0x0000006f)
0x80000124 (0x0000006f)
0x80000124 (0x0000006f)
0x80000124 (0x0000006f)
0x80000124 (0x0000006f)
0x80000124 (0x0000006f)
0x80000124 (0x0000006f)
0x80000124 (0x0000006f)
0x80000124 (0x0000006f)
0x80000124 (0x0000006f)
0x80000124 (0x0000006f)
0x80000124 (0x0000006f)
0x80000124 (0x0000006f)
0x80000124 (0x0000006f)
0x80000124 (0x0000006f)
0x80000124 (0x0000006f)
0x80000124 (0x0000006f)
0x80000124 (0x0000006f)
0x80000124 (0x0000006f)
0x80000124 (0x0000006f)
0x80000124 (0x0000006f)
0x80000124 (0x0000006f)
0x80000124 (0x0000006f)
0x80000124 (0x0000006f)
0x80000124 (0x0000006f)
0x80000124 (0x0000006f)
0x80000124 (0x0000006f)
0x80000124 (0x0000006f)
0x80000124 (0x0000006f)
0x80000124 (0x0000006f)
0x80000124 (0x0000006f)
0x80000124 (0x0000006f)
0x80000124 (0x0000006f)
0x80000124 (0x0000006f)
0x80000124 (0x0000006f)
0x80000124 (0x0000006f)
0x80000124 (0x0000006f)
0x80000124 (0x0000006f)
0x80000124 (0x0000006f)
0x80000124 (0x0000006f)
0x80000124 (0x0000006f)
0x80000124 (0x0000006f)
0x80000124 (0x0000006f)
0x80000124 (0x0000006f)
0x80000124 (0x0000006f)
0x80000124 (0x0000006f)
0x80000124 (0x0000006f)
0x80000124 (0x0000006f)
0x80000124 (0x0000006f)
0x80000124 (0x0000006f)
0x80000124 (0x0000006f)
0x80000124 (0x0000006f)
0x80000124 (0x0000006f)
0x80000124 (0x0000006f)
0x80000124 (0x0000006f)
0x80000124 (0x0000006f)
0x80000124 (0x0000006f)
0x80000124 (0x0000006f)
0x80000124 (0x0000006f)
0x80000124 (0x0000006f)
0x80000124 (0x0000006f)
0x80000124 (0x0000006f)
0x80000124 (0x0000006f)
0x80000124 (0x0000006f)
0x80000124 (0x0000006f)
0x80000124 (0x0000006f)
0x80000124 (0x0000006f)
0x80000124 (0x0000006f)
0x80000124 (0x0000006f)
0x80000124 (0x0000006f)
0x80000124 (0x0000006f)
0x80000124 (0x0000006f)
0x80000124 (0x0000006f)
0x80000124 (0x0000006f)
0x80000124 (0x0000006f)
0x80000124 (0x0000006f)
0x80000124 (0x0000006f)
0x80000124 (0x0000006f)
0x80000124 (0x0000006f)
0x80000124 (0x0000006f)
0x80000124 (0x0000006f)
0x80000124 (0x0000006f)
0x80000124 (0x0000006f)
0x80000124 (0x0000006f)
0x80000124 (0x0000006f)
0x80000124 (0x0000006f)
0x80000124 (0x0000006f)
0x80000124 (0x0000006f)
0x80000124 (0x0000006f)
0x80000124 (0x0000006f)
0x80000124 (0x0000006f)
0x80000124 (0x0000006f)
0x80000124 (0x0000006f)
0x80000124 (0x0000006f)
0x80000124 (0x0000006f)
0x80000124 (0x0000006f)
0x80000124 (0x0000006f)
0x80000124 (0x0000006f)
0x80000124 (0x0000006f)
0x80000124 (0x0000006f)
0x80000124 (0x0000006f)
0x80000124 (0x0000006f)
0x80000124 (0x0000006f)
0x80000124 (0x0000006f)
0x80000124 (0x0000006f)
0x80000124 (0x0000006f)
0x80000124 (0x0000006f)
0x80000124 (0x0000006f)
0x80000124 (0x0000006f)
0x80000124 (0x0000006f)
0x80000124 (0x0000006f)
0x80000124 (0x0000006f)
0x80000124 (0x0000006f)
0x80000124 (0x0000006f)
0x80000124 (0x0000006f)
0x80000124 (0x0000006f)
0x80000124 (0x0000006f)
0x80000124 (0x0000006f)
0x80000124 (0x0000006f)
0x80000124 (0x0000006f)
0x80000124 (0x0000006f)
0x80000124 (0x0000006f)
0x80000124 (0x0000006f)
0x80000124 (0x0000006f)
0x80000124 (0x0000006f)
0x80000124 (0x0000006f)
0x80000124 (0x0000006f)
0x80000124 (0x0000006f)
0x80000124 (0x0000006f)
0x80000124 (0x0000006f)
0x80000124 (0x0000006f)
0x80000124 (0x0000006f)
0x80000124 (0x0000006f)
0x80000124 (0x0000006f)
0x80000124 (0x0000006f)
0x80000124 (0x0000006f)
0x80000124 (0x0000006f)
0x80000124 (0x0000006f)
0x80000124 (0x0000006f)
0x80000124 (0x0000006f)
0x80000124 (0x0000006f)
0x80000124 (0x0000006f)
0x80000124 (0x0000006f)
0x80000124 (0x0000006f)
0x80000124 (0x0000006f)
0x80000124 (0x0000006f)
0x80000124 (0x0000006f)
0x80000124 (0x0000006f)
0x80000124 (0x0000006f)
0x80000124 (0x0000006f)
0x80000124 (0x0000006f)
0x80000124 (0x0000006f)
0x80000124 (0x0000006f)
0x80000124 (0x0000006f)
0x80000124 (0x0000006f)
0x80000124 (0x0000006f)
0x80000124 (0x0000006f)
0x80000124 (0x0000006f)
0x80000124 (0x0000006f)
0x80000124 (0x0000006f)
0x80000124 (0x0000006f)
0x80000124 (0x0000006f)
0x80000124 (0x0000006f)
0x80000124 (0x0000006f)
0x80000124 (0x0000006f)
0x80000124 (0x0000006f)
0x80000124 (0x0000006f)
0x80000124 (0x0000006f)
0x80000124 (0x0000006f)
0x80000124 (0x0000006f)
0x80000124 (0x0000006f)
0x80000124 (0x0000006f)
0x80000124 (0x0000006f)
0x80000124 (0x0000006f)
0x80000124 (0x0000006f)
0x80000124 (0x0000006f)
0x80000124 (0x0000006f)
0x80000124 (0x0000006f)
0x80000124 (0x0000006f)
0x80000124 (0x0000006f)
0x80000124 (0x0000006f)
0x80000124 (0x0000006f)
0x80000124 (0x0000006f)
0x80000124 (0x0000006f)
0x80000124 (0x0000006f)
0x80000124 (0x0000006f)
0x80000124 (0x0000006f)
0x80000124 (0x0000006f)
0x80000124 (0x0000006f)
0x80000124 (0x0000006f)
0x80000124 (0x0000006f)
0x80000124 (0x0000006f)
0x80000124 (0x0000006f)
0x80000124 (0x0000006f)
0x80000124 (0x0000006f)
0x80000124 (0x0000006f)
0x80000124 (0x0000006f)
0x80000124 (0x0000006f)
0x80000124 (0x0000006f)
0x80000124 (0x0000006f)
0x80000124 (0x0000006f)
0x80000124 (0x0000006f)
0x80000124 (0x0000006f)
0x80000124 (0x0000006f)
0x80000124 (0x0000006f)
0x80000124 (0x0000006f)
0x80000124 (0x0000006f)
0x80000124 (0x0000006f)
0x80000124 (0x0000006f)
0x80000124 (0x0000006f)
0x80000124 (0x0000006f)
0x80000124 (0x0000006f)
0x80000124 (0x0000006f)
0x80000124 (0x0000006f)
0x80000124 (0x0000006f)
0x80000124 (0x0000006f)
0x80000124 (0x0000006f)
0x80000124 (0x0000006f)
0x80000124 (0x0000006f)
0x80000124 (0x0000006f)
0x80000124 (0x0000006f)
0x80000124 (0x0000006f)
0x80000124 (0x0000006f)
0x80000124 (0x0000006f)
0x80000124 (0x0000006f)
0x80000124 (0x0000006f)
0x80000124 (0x0000006f)
0x80000124 (0x0000006f)
0x80000124 (0x0000006f)
0x80000124 (0x0000006f)
0x80000124 (0x0000006f)
0x80000124 (0x0000006f)
0x80000124 (0x0000006f)
0x80000124 (0x0000006f)
0x80000124 (0x0000006f)
0x80000124 (0x0000006f)
0x80000124 (0x0000006f)
0x80000124 (0x0000006f)
0x80000124 (0x0000006f)
0x80000124 (0x0000006f)
0x80000124 (0x0000006f)
0x80000124 (0x0000006f)
0x80000124 (0x0000006f)
0x80000124 (0x0000006f)
0x80000124 (0x0000006f)
0x80000124 (0x0000006f)
0x80000124 (0x0000006f)
0x80000124 (0x0000006f)
0x80000124 (0x0000006f)
0x80000124 (0x0000006f)
0x80000124 (0x0000006f)
0x80000124 (0x0000006f)
0x80000124 (0x0000006f)
0x80000124 (0x0000006f)
0x80000124 (0x0000006f)
0x80000124 (0x0000006f)
0x80000124 (0x0000006f)
0x80000124 (0x0000006f)
0x80000124 (0x0000006f)
0x80000124 (0x0000006f)
0x80000124 (0x0000006f)
0x80000124 (0x0000006f)
0x80000124 (0x0000006f)
0x80000124 (0x0000006f)
0x80000124 (0x0000006f)
0x80000124 (0x0000006f)
0x80000124 (0x0000006f)
0x80000124 (0x0000006f)
0x80000124 (0x0000006f)
0x80000124 (0x0000006f)
0x80000124 (0x0000006f)
0x80000124 (0x0000006f)
0x80000124 (0x0000006f)
0x80000124 (0x0000006f)
0x80000124 (0x0000006f)
0x80000124 (0x0000006f)
0x80000124 (0x0000006f)
0x80000124 (0x0000006f)
0x80000124 (0x0000006f)
0x80000124 (0x0000006f)
0x80000124 (0x0000006f)
0x80000124 (0x0000006f)
0x80000124 (0x0000006f)
0x80000124 (0x0000006f)
0x80000124 (0x0000006f)
0x80000124 (0x0000006f)
0x80000124 (0x0000006f)
0x80000124 (0x0000006f)
0x80000124 (0x0000006f)
0x80000124 (0x0000006f)
0x80000124 (0x0000006f)
0x80000124 (0x0000006f)
0x80000124 (0x0000006f)
0x80000124 (0x0000006f)
0x80000124 (0x0000006f)
0x80000124 (0x0000006f)
0x80000124 (0x0000006f)
0x80000124 (0x0000006f)
0x80000124 (0x0000006f)
0x80000124 (0x0000006f)
0x80000124 (0x0000006f)
0x80000124 (0x0000006f)
0x80000124 (0x0000006f)
0x80000124 (0x0000006f)
0x80000124 (0x0000006f)
0x80000124 (0x0000006f)
0x80000124 (0x0000006f)
0x80000124 (0x0000006f)
0x80000124 (0x0000006f)
0x80000124 (0x0000006f)
0x80000124 (0x0000006f)
0x80000124 (0x0000006f)
0x80000124 (0x0000006f)
0x80000124 (0x0000006f)
0x80000124 (0x0000006f)
0x80000124 (0x0000006f)
0x80000124 (0x0000006f)
0x80000124 (0x0000006f)
0x80000124 (0x0000006f)
0x80000124 (0x0000006f)
0x80000124 (0x0000006f)
0x80000124 (0x0000006f)
0x80000124 (0x0000006f)
0x80000124 (0x0000006f)
0x80000124 (0x0000006f)
0x80000124 (0x0000006f)
0x80000124 (0x0000006f)
0x80000124 (0x0000006f)
0x80000124 (0x0000006f)
0x80000124 (0x0000006f)
0x80000124 (0x0000006f)
0x80000124 (0x0000006f)
0x80000124 (0x0000006f)
0x80000124 (0x0000006f)
0x80000124 (0x0000006f)
0x80000124 (0x0000006f)
0x80000124 (0x0000006f)
0x80000124 (0x0000006f)
0x80000124 (0x0000006f)
0x80000124 (0x0000006f)
0x80000124 (0x0000006f)
0x80000124 (0x0000006f)
0x80000124 (0x0000006f)
0x80000124 (0x0000006f)
0x80000124 (0x0000006f)
0x80000124 (0x0000006f)
0x80000124 (0x0000006f)
0x80000124 (0x0000006f)
0x80000124 (0x0000006f)
0x80000124 (0x0000006f)
0x80000124 (0x0000006f)
0x80000124 (0x0000006f)
0x80000124 (0x0000006f)
0x80000124 (0x0000006f)
0x80000124 (0x0000006f)
0x80000124 (0x0000006f)
0x80000124 (0x0000006f)
0x80000124 (0x0000006f)
0x80000124 (0x0000006f)
0x80000124 (0x0000006f)
0x80000124 (0x0000006f)
0x80000124 (0x0000006f)
0x80000124 (0x0000006f)
0x80000124 (0x0000006f)
0x80000124 (0x0000006f)
0x80000124 (0x0000006f)
0x80000124 (0x0000006f)
0x80000124 (0x0000006f)
0x80000124 (0x0000006f)
0x80000124 (0x0000006f)
0x80000124 (0x0000006f)
0x80000124 (0x0000006f)
0x80000124 (0x0000006f)
0x80000124 (0x0000006f)
0x80000124 (0x0000006f)
0x80000124 (0x0000006f)
0x80000124 (0x0000006f)
0x80000124 (0x0000006f)
0x80000124 (0x0000006f)
0x80000124 (0x0000006f)
0x80000124 (0x0000006f)
0x80000124 (0x0000006f)
0x80000124 (0x0000006f)
0x80000124 (0x0000006f)
0x80000124 (0x0000006f)
0x80000124 (0x0000006f)
0x80000124 (0x0000006f)
0x80000124 (0x0000006f)
0x80000124 (0x0000006f)
0x80000124 (0x0000006f)
0x80000124 (0x0000006f)
0x80000124 (0x0000006f)
0x80000124 (0x0000006f)
0x80000124 (0x0000006f)
0x80000124 (0x0000006f)
0x80000124 (0x0000006f)
0x80000124 (0x0000006f)
0x80000124 (0x0000006f)
0x80000124 (0x0000006f)
0x80000124 (0x0000006f)
0x80000124 (0x0000006f)
0x80000124 (0x0000006f)
0x80000124 (0x0000006f)
0x80000124 (0x0000006f)
0x80000124 (0x0000006f)
0x80000124 (0x0000006f)
0x80000124 (0x0000006f)
0x80000124 (0x0000006f)
0x80000124 (0x0000006f)
0x80000124 (0x0000006f)
0x80000124 (0x0000006f)
0x80000124 (0x0000006f)
0x80000124 (0x0000006f)
0x80000124 (0x0000006f)
0x80000124 (0x0000006f)
0x80000124 (0x0000006f)
0x80000124 (0x0000006f)
0x80000124 (0x0000006f)
0x80000124 (0x0000006f)
0x80000124 (0x0000006f)
0x80000124 (0x0000006f)
0x80000124 (0x0000006f)
0x80000124 (0x0000006f)
0x80000124 (0x0000006f)
0x80000124 (0x0000006f)
0x80000124 (0x0000006f)
0x80000124 (0x0000006f)
0x80000124 (0x0000006f)
0x80000124 (0x0000006f)
0x80000124 (0x0000006f)
0x80000124 (0x0000006f)
0x80000124 (0x0000006f)
0x80000124 (0x0000006f)
0x80000124 (0x0000006f)
0x80000124 (0x0000006f)
0x80000124 (0x0000006f)
0x80000124 (0x0000006f)
0x80000124 (0x0000006f)
0x80000124 (0x0000006f)
0x80000124 (0x0000006f)
0x80000124 (0x0000006f)
0x80000124 (0x0000006f)
0x80000124 (0x0000006f)
0x80000124 (0x0000006f)
0x80000124 (0x0000006f)
0x80000124 (0x0000006f)
0x80000124 (0x0000006f)
0x80000124 (0x0000006f)
0x80000124 (0x0000006f)
0x80000124 (0x0000006f)
0x80000124 (0x0000006f)
0x80000124 (0x0000006f)
0x80000124 (0x0000006f)
0x80000124 (0x0000006f)
0x80000124 (0x0000006f)
0x80000124 (0x0000006f)
0x80000124 (0x0000006f)
0x80000124 (0x0000006f)
0x80000124 (0x0000006f)
0x80000124 (0x0000006f)
0x80000124 (0x0000006f)
0x80000124 (0x0000006f)
0x80000124 (0x0000006f)
0x80000124 (0x0000006f)
0x80000124 (0x0000006f)
0x80000124 (0x0000006f)
0x80000124 (0x0000006f)
0x80000124 (0x0000006f)
0x80000124 (0x0000006f)
0x80000124 (0x0000006f)
0x80000124 (0x0000006f)
0x80000124 (0x0000006f)
0x80000124 (0x0000006f)
0x80000124 (0x0000006f)
0x80000124 (0x0000006f)
0x80000124 (0x0000006f)
0x80000124 (0x0000006f)
0x80000124 (0x0000006f)
0x80000124 (0x0000006f)
0x80000124 (0x0000006f)
0x80000124 (0x0000006f)
0x80000124 (0x0000006f)
0x80000124 (0x0000006f)
0x80000124 (0x0000006f)
0x80000124 (0x0000006f)
0x80000124 (0x0000006f)
0x80000124 (0x0000006f)
0x80000124 (0x0000006f)
0x80000124 (0x0000006f)
0x80000124 (0x0000006f)
0x80000124 (0x0000006f)
0x80000124 (0x0000006f)
0x80000124 (0x0000006f)
0x80000124 (0x0000006f)
0x80000124 (0x0000006f)
0x80000124 (0x0000006f)
0x80000124 (0x0000006f)
0x80000124 (0x0000006f)
0x80000124 (0x0000006f)
0x80000124 (0x0000006f)
0x80000124 (0x0000006f)
0x80000124 (0x0000006f)
0x80000124 (0x0000006f)
0x80000124 (0x0000006f)
0x80000124 (0x0000006f)
0x80000124 (0x0000006f)
0x80000124 (0x0000006f)
0x80000124 (0x0000006f)
0x80000124 (0x0000006f)
0x80000124 (0x0000006f)
0x80000124 (0x0000006f)
0x80000124 (0x0000006f)
0x80000124 (0x0000006f)
0x80000124 (0x0000006f)
0x80000124 (0x0000006f)
0x80000124 (0x0000006f)
0x80000124 (0x0000006f)
0x80000124 (0x0000006f)
0x80000124 (0x0000006f)
0x80000124 (0x0000006f)
0x80000124 (0x0000006f)
0x80000124 (0x0000006f)
0x80000124 (0x0000006f)
0x80000124 (0x0000006f)
0x80000124 (0x0000006f)
0x80000124 (0x0000006f)
0x80000124 (0x0000006f)
0x80000124 (0x0000006f)
0x80000124 (0x0000006f)
0x80000124 (0x0000006f)
0x80000124 (0x0000006f)
0x80000124 (0x0000006f)
0x80000124 (0x0000006f)
0x80000124 (0x0000006f)
0x80000124 (0x0000006f)
0x80000124 (0x0000006f)
0x80000124 (0x0000006f)
0x80000124 (0x0000006f)
0x80000124 (0x0000006f)
0x80000124 (0x0000006f)
0x80000124 (0x0000006f)
0x80000124 (0x0000006f)
0x80000124 (0x0000006f)
0x80000124 (0x0000006f)
0x80000124 (0x0000006f)
0x80000124 (0x0000006f)
0x80000124 (0x0000006f)
0x80000124 (0x0000006f)
0x80000124 (0x0000006f)
0x80000124 (0x0000006f)
0x80000124 (0x0000006f)
0x80000124 (0x0000006f)
0x80000124 (0x0000006f)
0x80000124 (0x0000006f)
0x80000124 (0x0000006f)
0x80000124 (0x0000006f)
0x80000124 (0x0000006f)
0x80000124 (0x0000006f)
0x80000124 (0x0000006f)
0x80000124 (0x0000006f)
0x80000124 (0x0000006f)
0x80000124 (0x0000006f)
0x80000124 (0x0000006f)
0x80000124 (0x0000006f)
0x80000124 (0x0000006f)
0x80000124 (0x0000006f)
0x80000124 (0x0000006f)
0x80000124 (0x0000006f)
0x80000124 (0x0000006f)
0x80000124 (0x0000006f)
0x80000124 (0x0000006f)
0x80000124 (0x0000006f)
0x80000124 (0x0000006f)
0x80000124 (0x0000006f)
0x80000124 (0x0000006f)
0x80000124 (0x0000006f)
0x80000124 (0x0000006f)
0x80000124 (0x0000006f)
0x80000124 (0x0000006f)
0x80000124 (0x0000006f)
0x80000124 (0x0000006f)
0x80000124 (0x0000006f)
0x80000124 (0x0000006f)
0x80000124 (0x0000006f)
0x80000124 (0x0000006f)
0x80000124 (0x0000006f)
0x80000124 (0x0000006f)
0x80000124 (0x0000006f)
0x80000124 (0x0000006f)
0x80000124 (0x0000006f)
0x80000124 (0x0000006f)
0x80000124 (0x0000006f)
0x80000124 (0x0000006f)
0x80000124 (0x0000006f)
0x80000124 (0x0000006f)
0x80000124 (0x0000006f)
0x80000124 (0x0000006f)
0x80000124 (0x0000006f)
0x80000124 (0x0000006f)
0x80000124 (0x0000006f)
0x80000124 (0x0000006f)
0x80000124 (0x0000006f)
0x80000124 (0x0000006f)
0x80000124 (0x0000006f)
0x80000124 (0x0000006f)
0x80000124 (0x0000006f)
0x80000124 (0x0000006f)
0x80000124 (0x0000006f)
0x80000124 (0x0000006f)
0x80000124 (0x0000006f)
0x80000124 (0x0000006f)
0x80000124 (0x0000006f)
0x80000124 (0x0000006f)
0x80000124 (0x0000006f)
0x80000124 (0x0000006f)
0x80000124 (0x0000006f)
0x80000124 (0x0000006f)
0x80000124 (0x0000006f)
0x80000124 (0x0000006f)
0x80000124 (0x0000006f)
0x80000124 (0x0000006f)
0x80000124 (0x0000006f)
0x80000124 (0x0000006f)
0x80000124 (0x0000006f)
0x80000124 (0x0000006f)
0x80000124 (0x0000006f)
0x80000124 (0x0000006f)
0x80000124 (0x0000006f)
0x80000124 (0x0000006f)
0x80000124 (0x0000006f)
0x80000124 (0x0000006f)
0x80000124 (0x0000006f)
0x80000124 (0x0000006f)
0x80000124 (0x0000006f)
0x80000124 (0x0000006f)
0x80000124 (0x0000006f)
0x80000124 (0x0000006f)
0x80000124 (0x0000006f)
0x80000124 (0x0000006f)
0x80000124 (0x0000006f)
0x80000124 (0x0000006f)
0x80000124 (0x0000006f)
0x80000124 (0x0000006f)
0x80000124 (0x0000006f)
0x80000124 (0x0000006f)
0x80000124 (0x0000006f)
0x80000124 (0x0000006f)
0x80000124 (0x0000006f)
0x80000124 (0x0000006f)
0x80000124 (0x0000006f)
0x80000124 (0x0000006f)
0x80000124 (0x0000006f)
0x80000124 (0x0000006f)
0x80000124 (0x0000006f)
0x80000124 (0x0000006f)
0x80000124 (0x0000006f)
0x80000124 (0x0000006f)
0x80000124 (0x0000006f)
0x80000124 (0x0000006f)
0x80000124 (0x0000006f)
0x80000124 (0x0000006f)
0x80000124 (0x0000006f)
0x80000124 (0x0000006f)
0x80000124 (0x0000006f)
0x80000124 (0x0000006f)
0x80000124 (0x0000006f)
0x80000124 (0x0000006f)
0x80000124 (0x0000006f)
0x80000124 (0x0000006f)
0x80000124 (0x0000006f)
0x80000124 (0x0000006f)
0x80000124 (0x0000006f)
0x80000124 (0x0000006f)
0x80000124 (0x0000006f)
0x80000124 (0x0000006f)
0x80000124 (0x0000006f)
0x80000124 (0x0000006f)
0x80000124 (0x0000006f)
0x80000124 (0x0000006f)
0x80000124 (0x0000006f)
0x80000124 (0x0000006f)
0x80000124 (0x0000006f)
0x80000124 (0x0000006f)
0x80000124 (0x0000006f)
0x80000124 (0x0000006f)
0x80000124 (0x0000006f)
0x80000124 (0x0000006f)
0x80000124 (0x0000006f)
0x80000124 (0x0000006f)
0x80000124 (0x0000006f)
0x80000124 (0x0000006f)
0x80000124 (0x0000006f)
0x80000124 (0x0000006f)
0x80000124 (0x0000006f)
0x80000124 (0x0000006f)
0x80000124 (0x0000006f)
0x80000124 (0x0000006f)
0x80000124 (0x0000006f)
0x80000124 (0x0000006f)
0x80000124 (0x0000006f)
0x80000124 (0x0000006f)
0x80000124 (0x0000006f)
0x80000124 (0x0000006f)
0x80000124 (0x0000006f)
0x80000124 (0x0000006f)
0x80000124 (0x0000006f)
0x80000124 (0x0000006f)
0x80000124 (0x0000006f)
0x80000124 (0x0000006f)
0x80000124 (0x0000006f)
0x80000124 (0x0000006f)
0x80000124 (0x0000006f)
0x80000124 (0x0000006f)
0x80000124 (0x0000006f)
0x80000124 (0x0000006f)
0x80000124 (0x0000006f)
0x80000124 (0x0000006f)
0x80000124 (0x0000006f)
0x80000124 (0x0000006f)
0x80000124 (0x0000006f)
0x80000124 (0x0000006f)
0x80000124 (0x0000006f)
0x80000124 (0x0000006f)
0x80000124 (0x0000006f)
0x80000124 (0x0000006f)
0x80000124 (0x0000006f)
0x80000124 (0x0000006f)
0x80000124 (0x0000006f)
0x80000124 (0x0000006f)
0x80000124 (0x0000006f)
0x80000124 (0x0000006f)
0x80000124 (0x0000006f)
0x80000124 (0x0000006f)
0x80000124 (0x0000006f)
0x80000124 (0x0000006f)
0x80000124 (0x0000006f)
0x80000124 (0x0000006f)
0x80000124 (0x0000006f)
0x80000124 (0x0000006f)
0x80000124 (0x0000006f)
0x80000124 (0x0000006f)
0x80000124 (0x0000006f)
0x80000124 (0x0000006f)
0x80000124 (0x0000006f)
0x80000124 (0x0000006f)
0x80000124 (0x0000006f)
0x80000124 (0x0000006f)
0x80000124 (0x0000006f)
0x80000124 (0x0000006f)
0x80000124 (0x0000006f)
0x80000124 (0x0000006f)
0x80000124 (0x0000006f)
0x80000124 (0x0000006f)
0x80000124 (0x0000006f)
0x80000124 (0x0000006f)
0x80000124 (0x0000006f)
0x80000124 (0x0000006f)
0x80000124 (0x0000006f)
0x80000124 (0x0000006f)
0x80000124 (0x0000006f)
0x80000124 (0x0000006f)
0x80000124 (0x0000006f)
0x80000124 (0x0000006f)
0x80000124 (0x0000006f)
0x80000124 (0x0000006f)
0x80000124 (0x0000006f)
0x80000124 (0x0000006f)
0x80000124 (0x0000006f)
0x80000124 (0x0000006f)
0x80000124 (0x0000006f)
0x80000124 (0x0000006f)
0x80000124 (0x0000006f)
0x80000124 (0x0000006f)
0x80000124 (0x0000006f)
0x80000124 (0x0000006f)
0x80000124 (0x0000006f)
0x80000124 (0x0000006f)
0x80000124 (0x0000006f)
0x80000124 (0x0000006f)
0x80000124 (0x0000006f)
0x80000124 (0x0000006f)
0x80000124 (0x0000006f)
0x80000124 (0x0000006f)
0x80000124 (0x0000006f)
0x80000124 (0x0000006f)
0x80000124 (0x0000006f)
0x80000124 (0x0000006f)
0x80000124 (0x0000006f)
0x80000124 (0x0000006f)
0x80000124 (0x0000006f)
0x80000124 (0x0000006f)
0x80000124 (0x0000006f)
0x80000124 (0x0000006f)
0x80000124 (0x0000006f)
0x80000124 (0x0000006f)
0x80000124 (0x0000006f)
0x80000124 (0x0000006f)
0x80000124 (0x0000006f)
0x80000124 (0x0000006f)
0x80000124 (0x0000006f)
0x80000124 (0x0000006f)
0x80000124 (0x0000006f)
0x80000124 (0x0000006f)
0x80000124 (0x0000006f)
0x80000124 (0x0000006f)
0x80000124 (0x0000006f)
0x80000124 (0x0000006f)
0x80000124 (0x0000006f)
0x80000124 (0x0000006f)
0x80000124 (0x0000006f)
0x80000124 (0x0000006f)
0x80000124 (0x0000006f)
0x80000124 (0x0000006f)
0x80000124 (0x0000006f)
0x80000124 (0x0000006f)
0x80000124 (0x0000006f)
0x80000124 (0x0000006f)
0x80000124 (0x0000006f)
0x80000124 (0x0000006f)
0x80000124 (0x0000006f)
0x80000124 (0x0000006f)
0x80000124 (0x0000006f)
0x80000124 (0x0000006f)
0x80000124 (0x0000006f)
0x80000124 (0x0000006f)
0x80000124 (0x0000006f)
0x80000124 (0x0000006f)
0x80000124 (0x0000006f)
0x80000124 (0x0000006f)
0x80000124 (0x0000006f)
0x80000124 (0x0000006f)
0x80000124 (0x0000006f)
0x80000124 (0x0000006f)
0x80000124 (0x0000006f)
0x80000124 (0x0000006f)
0x80000124 (0x0000006f)
0x80000124 (0x0000006f)
0x80000124 (0x0000006f)
0x80000124 (0x0000006f)
0x80000124 (0x0000006f)
0x80000124 (0x0000006f)
0x80000124 (0x0000006f)
0x80000124 (0x0000006f)
0x80000124 (0x0000006f)
0x80000124 (0x0000006f)
0x80000124 (0x0000006f)
0x80000124 (0x0000006f)
0x80000124 (0x0000006f)
0x80000124 (0x0000006f)
0x80000124 (0x0000006f)
0x80000124 (0x0000006f)
0x80000124 (0x0000006f)
0x80000124 (0x0000006f)
0x80000124 (0x0000006f)
0x80000124 (0x0000006f)
0x80000124 (0x0000006f)
0x80000124 (0x0000006f)
0x80000124 (0x0000006f)
0x80000124 (0x0000006f)
0x80000124 (0x0000006f)
0x80000124 (0x0000006f)
0x80000124 (0x0000006f)
0x80000124 (0x0000006f)
0x80000124 (0x0000006f)
0x80000124 (0x0000006f)
0x80000124 (0x0000006f)
0x80000124 (0x0000006f)
0x80000124 (0x0000006f)
0x80000124 (0x0000006f)
0x80000124 (0x0000006f)
0x80000124 (0x0000006f)
0x80000124 (0x0000006f)
0x80000124 (0x0000006f)
0x80000124 (0x0000006f)
0x80000124 (0x0000006f)
0x80000124 (0x0000006f)
0x80000124 (0x0000006f)
0x80000124 (0x0000006f)
0x80000124 (0x0000006f)
0x80000124 (0x0000006f)
0x80000124 (0x0000006f)
0x80000124 (0x0000006f)
0x80000124 (0x0000006f)
0x80000124 (0x0000006f)
0x80000124 (0x0000006f)
0x80000124 (0x0000006f)
0x80000124 (0x0000006f)
0x80000124 (0x0000006f)
0x80000124 (0x0000006f)
0x80000124 (0x0000006f)
0x80000124 (0x0000006f)
0x80000124 (0x0000006f)
0x80000124 (0x0000006f)
0x80000124 (0x0000006f)
0x80000124 (0x0000006f)
0x80000124 (0x0000006f)
0x80000124 (0x0000006f)
0x80000124 (0x0000006f)
0x80000124 (0x0000006f)
0x80000124 (0x0000006f)
0x80000124 (0x0000006f)
0x80000124 (0x0000006f)
0x80000124 (0x0000006f)
0x80000124 (0x0000006f)
0x80000124 (0x0000006f)
0x80000124 (0x0000006f)
0x80000124 (0x0000006f)
0x80000124 (0x0000006f)
0x80000124 (0x0000006f)
0x80000124 (0x0000006f)
0x80000124 (0x0000006f)
0x80000124 (0x0000006f)
0x80000124 (0x0000006f)
0x80000124 (0x0000006f)
0x80000124 (0x0000006f)
0x80000124 (0x0000006f)
0x80000124 (0x0000006f)
0x80000124 (0x0000006f)
0x80000124 (0x0000006f)
0x80000124 (0x0000006f)
0x80000124 (0x0000006f)
0x80000124 (0x0000006f)
0x80000124 (0x0000006f)
0x80000124 (0x0000006f)
0x80000124 (0x0000006f)
0x80000124 (0x0000006f)
0x80000124 (0x0000006f)
0x80000124 (0x0000006f)
0x80000124 (0x0000006f)
0x80000124 (0x0000006f)
0x80000124 (0x0000006f)
0x80000124 (0x0000006f)
0x80000124 (0x0000006f)
0x80000124 (0x0000006f)
0x80000124 (0x0000006f)
0x80000124 (0x0000006f)
0x80000124 (0x0000006f)
0x80000124 (0x0000006f)
0x80000124 (0x0000006f)
0x80000124 (0x0000006f)
0x80000124 (0x0000006f)
0x80000124 (0x0000006f)
0x80000124 (0x0000006f)
0x80000124 (0x0000006f)
0x80000124 (0x0000006f)
0x80000124 (0x0000006f)
0x80000124 (0x0000006f)
0x80000124 (0x0000006f)
0x80000124 (0x0000006f)
0x80000124 (0x0000006f)
0x80000124 (0x0000006f)
0x80000124 (0x0000006f)
0x80000124 (0x0000006f)
0x80000124 (0x0000006f)
0x80000124 (0x0000006f)
0x80000124 (0x0000006f)
0x80000124 (0x0000006f)
0x80000124 (0x0000006f)
0x80000124 (0x0000006f)
0x80000124 (0x0000006f)
0x80000124 (0x0000006f)
0x80000124 (0x0000006f)
0x80000124 (0x0000006f)
0x80000124 (0x0000006f)
0x80000124 (0x0000006f)
0x80000124 (0x0000006f)
0x80000124 (0x0000006f)
0x80000124 (0x0000006f)
0x80000124 (0x0000006f)
0x80000124 (0x0000006f)
0x80000124 (0x0000006f)
0x80000124 (0x0000006f)
0x80000124 (0x0000006f)
0x80000124 (0x0000006f)
0x80000124 (0x0000006f)
0x80000124 (0x0000006f)
0x80000124 (0x0000006f)
0x80000124 (0x0000006f)
0x80000124 (0x0000006f)
0x80000124 (0x0000006f)
0x80000124 (0x0000006f)
0x80000124 (0x0000006f)
0x80000124 (0x0000006f)
0x80000124 (0x0000006f)
0x80000124 (0x0000006f)
0x80000124 (0x0000006f)
0x80000124 (0x0000006f)
0x80000124 (0x0000006f)
0x80000124 (0x0000006f)
0x80000124 (0x0000006f)
0x80000124 (0x0000006f)
0x80000124 (0x0000006f)
0x80000124 (0x0000006f)
0x80000124 (0x0000006f)
0x80000124 (0x0000006f)
0x80000124 (0x0000006f)
0x80000124 (0x0000006f)
0x80000124 (0x0000006f)
0x80000124 (0x0000006f)
0x80000124 (0x0000006f)
0x80000124 (0x0000006f)
0x80000124 (0x0000006f)
0x80000124 (0x0000006f)
0x80000124 (0x0000006f)
0x80000124 (0x0000006f)
0x80000124 (0x0000006f)
0x80000124 (0x0000006f)
0x80000124 (0x0000006f)
0x80000124 (0x0000006f)
0x80000124 (0x0000006f)
0x80000124 (0x0000006f)
0x80000124 (0x0000006f)
0x80000124 (0x0000006f)
0x80000124 (0x0000006f)
0x80000124 (0x0000006f)
0x80000124 (0x0000006f)
0x80000124 (0x0000006f)
0x80000124 (0x0000006f)
0x80000124 (0x0000006f)
0x80000124 (0x0000006f)
0x80000124 (0x0000006f)
0x80000124 (0x0000006f)
0x80000124 (0x0000006f)
0x80000124 (0x0000006f)
0x80000124 (0x0000006f)
0x80000124 (0x0000006f)
0x80000124 (0x0000006f)
0x80000124 (0x0000006f)
0x80000124 (0x0000006f)
0x80000124 (0x0000006f)
0x80000124 (0x0000006f)
0x80000124 (0x0000006f)
0x80000124 (0x0000006f)
0x80000124 (0x0000006f)
0x80000124 (0x0000006f)
0x80000124 (0x0000006f)
0x80000124 (0x0000006f)
0x80000124 (0x0000006f)
0x80000124 (0x0000006f)
0x80000124 (0x0000006f)
0x80000124 (0x0000006f)
0x80000124 (0x0000006f)
0x80000124 (0x0000006f)
0x80000124 (0x0000006f)
0x80000124 (0x0000006f)
0x80000124 (0x0000006f)
0x80000124 (0x0000006f)
0x80000124 (0x0000006f)
0x80000124 (0x0000006f)
0x80000124 (0x0000006f)
0x80000124 (0x0000006f)
0x80000124 (0x0000006f)
0x80000124 (0x0000006f)
0x80000124 (0x0000006f)
0x80000124 (0x0000006f)
0x80000124 (0x0000006f)
0x80000124 (0x0000006f)
0x80000124 (0x0000006f)
0x80000124 (0x0000006f)
0x80000124 (0x0000006f)
0x80000124 (0x0000006f)
0x80000124 (0x0000006f)
0x80000124 (0x0000006f)
0x80000124 (0x0000006f)
0x80000124 (0x0000006f)
0x80000124 (0x0000006f)
0x80000124 (0x0000006f)
0x80000124 (0x0000006f)
0x80000124 (0x0000006f)
0x80000124 (0x0000006f)
0x80000124 (0x0000006f)
0x80000124 (0x0000006f)
0x80000124 (0x0000006f)
0x80000124 (0x0000006f)
0x80000124 (0x0000006f)
0x80000124 (0x0000006f)
0x80000124 (0x0000006f)
0x80000124 (0x0000006f)
0x80000124 (0x0000006f)
0x80000124 (0x0000006f)
0x80000124 (0x0000006f)
